# JRE version: OpenJDK Runtime Environment Temurin-21.0.8+9 (21.0.8+9) (build 21.0.8+9-LTS)
# Java VM: OpenJDK 64-Bit Server VM Temurin-21.0.8+9 (21.0.8+9-LTS, mixed mode, sharing, tiered, compressed oops, compressed class ptrs, parallel gc, bsd-amd64)
Heap:
 PSYoungGen      total 6144K, used 5856K [0x00000007d5580000, 0x00000007d5d80000, 0x0000000800000000)
  eden space 5120K, 100% used [0x00000007d5580000,0x00000007d5a80000,0x00000007d5a80000)
  from space 1024K, 71% used [0x00000007d5c80000,0x00000007d5d38010,0x00000007d5d80000)
  to   space 1024K, 0% used [0x00000007d5b80000,0x00000007d5b80000,0x00000007d5c80000)
 ParOldGen       total 149504K, used 149266K [0x0000000780000000, 0x0000000789200000, 0x00000007d5580000)
  object space 149504K, 99% used [0x0000000780000000,0x00000007891c4ba0,0x0000000789200000)
 Metaspace       used 53465K, committed 54592K, reserved 1114112K
  class space    used 5794K, committed 6272K, reserved 1048576K
GC Heap History (20 events):
Event: 38.495 GC heap before
{Heap before GC invocations=153 (full 2):
 PSYoungGen      total 6144K, used 5735K [0x00000007d5580000, 0x00000007d5c80000, 0x0000000800000000)
  eden space 5120K, 99% used [0x00000007d5580000,0x00000007d5a7bc20,0x00000007d5a80000)
  from space 1024K, 61% used [0x00000007d5b80000,0x00000007d5c1e200,0x00000007d5c80000)
  to   space 1024K, 0% used [0x00000007d5a80000,0x00000007d5a80000,0x00000007d5b80000)
 ParOldGen       total 133120K, used 132797K [0x0000000780000000, 0x0000000788200000, 0x00000007d5580000)
  object space 133120K, 99% used [0x0000000780000000,0x00000007881af678,0x0000000788200000)
 Metaspace       used 53015K, committed 54144K, reserved 1114112K
  class space    used 5761K, committed 6208K, reserved 1048576K
}
Event: 38.506 GC heap after
{Heap after GC invocations=153 (full 2):
 PSYoungGen      total 6144K, used 1007K [0x00000007d5580000, 0x00000007d5f80000, 0x0000000800000000)
  eden space 5120K, 0% used [0x00000007d5580000,0x00000007d5580000,0x00000007d5a80000)
  from space 1024K, 98% used [0x00000007d5a80000,0x00000007d5b7bc00,0x00000007d5b80000)
  to   space 2560K, 0% used [0x00000007d5d00000,0x00000007d5d00000,0x00000007d5f80000)
 ParOldGen       total 134144K, used 133676K [0x0000000780000000, 0x0000000788300000, 0x00000007d5580000)
  object space 134144K, 99% used [0x0000000780000000,0x000000078828b278,0x0000000788300000)
 Metaspace       used 53015K, committed 54144K, reserved 1114112K
  class space    used 5761K, committed 6208K, reserved 1048576K
}
Event: 38.515 GC heap before
{Heap before GC invocations=154 (full 2):
 PSYoungGen      total 6144K, used 6127K [0x00000007d5580000, 0x00000007d5f80000, 0x0000000800000000)
  eden space 5120K, 100% used [0x00000007d5580000,0x00000007d5a80000,0x00000007d5a80000)
  from space 1024K, 98% used [0x00000007d5a80000,0x00000007d5b7bc00,0x00000007d5b80000)
  to   space 2560K, 0% used [0x00000007d5d00000,0x00000007d5d00000,0x00000007d5f80000)
 ParOldGen       total 134144K, used 133676K [0x0000000780000000, 0x0000000788300000, 0x00000007d5580000)
  object space 134144K, 99% used [0x0000000780000000,0x000000078828b278,0x0000000788300000)
 Metaspace       used 53015K, committed 54144K, reserved 1114112K
  class space    used 5761K, committed 6208K, reserved 1048576K
}
Event: 38.517 GC heap after
{Heap after GC invocations=154 (full 2):
 PSYoungGen      total 6656K, used 1321K [0x00000007d5580000, 0x00000007d5e80000, 0x0000000800000000)
  eden space 5120K, 0% used [0x00000007d5580000,0x00000007d5580000,0x00000007d5a80000)
  from space 1536K, 86% used [0x00000007d5d00000,0x00000007d5e4a400,0x00000007d5e80000)
  to   space 1536K, 0% used [0x00000007d5b80000,0x00000007d5b80000,0x00000007d5d00000)
 ParOldGen       total 134656K, used 134572K [0x0000000780000000, 0x0000000788380000, 0x00000007d5580000)
  object space 134656K, 99% used [0x0000000780000000,0x000000078836b178,0x0000000788380000)
 Metaspace       used 53015K, committed 54144K, reserved 1114112K
  class space    used 5761K, committed 6208K, reserved 1048576K
}
Event: 38.552 GC heap before
{Heap before GC invocations=155 (full 2):
 PSYoungGen      total 6656K, used 6440K [0x00000007d5580000, 0x00000007d5e80000, 0x0000000800000000)
  eden space 5120K, 99% used [0x00000007d5580000,0x00000007d5a7fca8,0x00000007d5a80000)
  from space 1536K, 86% used [0x00000007d5d00000,0x00000007d5e4a400,0x00000007d5e80000)
  to   space 1536K, 0% used [0x00000007d5b80000,0x00000007d5b80000,0x00000007d5d00000)
 ParOldGen       total 134656K, used 134572K [0x0000000780000000, 0x0000000788380000, 0x00000007d5580000)
  object space 134656K, 99% used [0x0000000780000000,0x000000078836b178,0x0000000788380000)
 Metaspace       used 53116K, committed 54208K, reserved 1114112K
  class space    used 5772K, committed 6208K, reserved 1048576K
}
Event: 38.564 GC heap after
{Heap after GC invocations=155 (full 2):
 PSYoungGen      total 6656K, used 1531K [0x00000007d5580000, 0x00000007d6280000, 0x0000000800000000)
  eden space 5120K, 0% used [0x00000007d5580000,0x00000007d5580000,0x00000007d5a80000)
  from space 1536K, 99% used [0x00000007d5b80000,0x00000007d5cfec00,0x00000007d5d00000)
  to   space 4096K, 0% used [0x00000007d5e80000,0x00000007d5e80000,0x00000007d6280000)
 ParOldGen       total 136704K, used 136379K [0x0000000780000000, 0x0000000788580000, 0x00000007d5580000)
  object space 136704K, 99% used [0x0000000780000000,0x000000078852ed50,0x0000000788580000)
 Metaspace       used 53116K, committed 54208K, reserved 1114112K
  class space    used 5772K, committed 6208K, reserved 1048576K
}
Event: 38.754 GC heap before
{Heap before GC invocations=156 (full 2):
 PSYoungGen      total 6656K, used 6496K [0x00000007d5580000, 0x00000007d6280000, 0x0000000800000000)
  eden space 5120K, 96% used [0x00000007d5580000,0x00000007d5a596d0,0x00000007d5a80000)
  from space 1536K, 99% used [0x00000007d5b80000,0x00000007d5cfec00,0x00000007d5d00000)
  to   space 4096K, 0% used [0x00000007d5e80000,0x00000007d5e80000,0x00000007d6280000)
 ParOldGen       total 136704K, used 136379K [0x0000000780000000, 0x0000000788580000, 0x00000007d5580000)
  object space 136704K, 99% used [0x0000000780000000,0x000000078852ed50,0x0000000788580000)
 Metaspace       used 53353K, committed 54464K, reserved 1114112K
  class space    used 5789K, committed 6272K, reserved 1048576K
}
Event: 38.757 GC heap after
{Heap after GC invocations=156 (full 2):
 PSYoungGen      total 9216K, used 3637K [0x00000007d5580000, 0x00000007d6280000, 0x0000000800000000)
  eden space 5120K, 0% used [0x00000007d5580000,0x00000007d5580000,0x00000007d5a80000)
  from space 4096K, 88% used [0x00000007d5e80000,0x00000007d620d5f0,0x00000007d6280000)
  to   space 4096K, 0% used [0x00000007d5a80000,0x00000007d5a80000,0x00000007d5e80000)
 ParOldGen       total 137728K, used 137600K [0x0000000780000000, 0x0000000788680000, 0x00000007d5580000)
  object space 137728K, 99% used [0x0000000780000000,0x00000007886601e8,0x0000000788680000)
 Metaspace       used 53353K, committed 54464K, reserved 1114112K
  class space    used 5789K, committed 6272K, reserved 1048576K
}
Event: 38.960 GC heap before
{Heap before GC invocations=157 (full 2):
 PSYoungGen      total 9216K, used 8757K [0x00000007d5580000, 0x00000007d6280000, 0x0000000800000000)
  eden space 5120K, 100% used [0x00000007d5580000,0x00000007d5a80000,0x00000007d5a80000)
  from space 4096K, 88% used [0x00000007d5e80000,0x00000007d620d5f0,0x00000007d6280000)
  to   space 4096K, 0% used [0x00000007d5a80000,0x00000007d5a80000,0x00000007d5e80000)
 ParOldGen       total 137728K, used 137600K [0x0000000780000000, 0x0000000788680000, 0x00000007d5580000)
  object space 137728K, 99% used [0x0000000780000000,0x00000007886601e8,0x0000000788680000)
 Metaspace       used 53419K, committed 54528K, reserved 1114112K
  class space    used 5794K, committed 6272K, reserved 1048576K
}
Event: 38.963 GC heap after
{Heap after GC invocations=157 (full 2):
 PSYoungGen      total 7680K, used 2297K [0x00000007d5580000, 0x00000007d6080000, 0x0000000800000000)
  eden space 5120K, 0% used [0x00000007d5580000,0x00000007d5580000,0x00000007d5a80000)
  from space 2560K, 89% used [0x00000007d5a80000,0x00000007d5cbe710,0x00000007d5d00000)
  to   space 3072K, 0% used [0x00000007d5d80000,0x00000007d5d80000,0x00000007d6080000)
 ParOldGen       total 141312K, used 141130K [0x0000000780000000, 0x0000000788a00000, 0x00000007d5580000)
  object space 141312K, 99% used [0x0000000780000000,0x00000007889d2b28,0x0000000788a00000)
 Metaspace       used 53419K, committed 54528K, reserved 1114112K
  class space    used 5794K, committed 6272K, reserved 1048576K
}
Event: 39.142 GC heap before
{Heap before GC invocations=158 (full 2):
 PSYoungGen      total 7680K, used 7417K [0x00000007d5580000, 0x00000007d6080000, 0x0000000800000000)
  eden space 5120K, 100% used [0x00000007d5580000,0x00000007d5a80000,0x00000007d5a80000)
  from space 2560K, 89% used [0x00000007d5a80000,0x00000007d5cbe710,0x00000007d5d00000)
  to   space 3072K, 0% used [0x00000007d5d80000,0x00000007d5d80000,0x00000007d6080000)
 ParOldGen       total 141312K, used 141130K [0x0000000780000000, 0x0000000788a00000, 0x00000007d5580000)
  object space 141312K, 99% used [0x0000000780000000,0x00000007889d2b28,0x0000000788a00000)
 Metaspace       used 53458K, committed 54592K, reserved 1114112K
  class space    used 5794K, committed 6272K, reserved 1048576K
}
Event: 39.144 GC heap after
{Heap after GC invocations=158 (full 2):
 PSYoungGen      total 7680K, used 2286K [0x00000007d5580000, 0x00000007d6000000, 0x0000000800000000)
  eden space 5120K, 0% used [0x00000007d5580000,0x00000007d5580000,0x00000007d5a80000)
  from space 2560K, 89% used [0x00000007d5d80000,0x00000007d5fbbbd8,0x00000007d6000000)
  to   space 2560K, 0% used [0x00000007d5a80000,0x00000007d5a80000,0x00000007d5d00000)
 ParOldGen       total 143360K, used 143289K [0x0000000780000000, 0x0000000788c00000, 0x00000007d5580000)
  object space 143360K, 99% used [0x0000000780000000,0x0000000788bee718,0x0000000788c00000)
 Metaspace       used 53458K, committed 54592K, reserved 1114112K
  class space    used 5794K, committed 6272K, reserved 1048576K
}
Event: 39.169 GC heap before
{Heap before GC invocations=159 (full 2):
 PSYoungGen      total 7680K, used 7406K [0x00000007d5580000, 0x00000007d6000000, 0x0000000800000000)
  eden space 5120K, 100% used [0x00000007d5580000,0x00000007d5a80000,0x00000007d5a80000)
  from space 2560K, 89% used [0x00000007d5d80000,0x00000007d5fbbbd8,0x00000007d6000000)
  to   space 2560K, 0% used [0x00000007d5a80000,0x00000007d5a80000,0x00000007d5d00000)
 ParOldGen       total 143360K, used 143289K [0x0000000780000000, 0x0000000788c00000, 0x00000007d5580000)
  object space 143360K, 99% used [0x0000000780000000,0x0000000788bee718,0x0000000788c00000)
 Metaspace       used 53465K, committed 54592K, reserved 1114112K
  class space    used 5794K, committed 6272K, reserved 1048576K
}
Event: 39.183 GC heap after
{Heap after GC invocations=159 (full 2):
 PSYoungGen      total 7680K, used 2198K [0x00000007d5580000, 0x00000007d5f80000, 0x0000000800000000)
  eden space 5120K, 0% used [0x00000007d5580000,0x00000007d5580000,0x00000007d5a80000)
  from space 2560K, 85% used [0x00000007d5a80000,0x00000007d5ca5ad8,0x00000007d5d00000)
  to   space 2560K, 0% used [0x00000007d5d00000,0x00000007d5d00000,0x00000007d5f80000)
 ParOldGen       total 145920K, used 145432K [0x0000000780000000, 0x0000000788e80000, 0x00000007d5580000)
  object space 145920K, 99% used [0x0000000780000000,0x0000000788e06250,0x0000000788e80000)
 Metaspace       used 53465K, committed 54592K, reserved 1114112K
  class space    used 5794K, committed 6272K, reserved 1048576K
}
Event: 39.208 GC heap before
{Heap before GC invocations=160 (full 2):
 PSYoungGen      total 7680K, used 7318K [0x00000007d5580000, 0x00000007d5f80000, 0x0000000800000000)
  eden space 5120K, 100% used [0x00000007d5580000,0x00000007d5a80000,0x00000007d5a80000)
  from space 2560K, 85% used [0x00000007d5a80000,0x00000007d5ca5ad8,0x00000007d5d00000)
  to   space 2560K, 0% used [0x00000007d5d00000,0x00000007d5d00000,0x00000007d5f80000)
 ParOldGen       total 145920K, used 145432K [0x0000000780000000, 0x0000000788e80000, 0x00000007d5580000)
  object space 145920K, 99% used [0x0000000780000000,0x0000000788e06250,0x0000000788e80000)
 Metaspace       used 53465K, committed 54592K, reserved 1114112K
  class space    used 5794K, committed 6272K, reserved 1048576K
}
Event: 39.210 GC heap after
{Heap after GC invocations=160 (full 2):
 PSYoungGen      total 6656K, used 1111K [0x00000007d5580000, 0x00000007d5e80000, 0x0000000800000000)
  eden space 5120K, 0% used [0x00000007d5580000,0x00000007d5580000,0x00000007d5a80000)
  from space 1536K, 72% used [0x00000007d5d00000,0x00000007d5e15e90,0x00000007d5e80000)
  to   space 1536K, 0% used [0x00000007d5b80000,0x00000007d5b80000,0x00000007d5d00000)
 ParOldGen       total 147968K, used 147463K [0x0000000780000000, 0x0000000789080000, 0x00000007d5580000)
  object space 147968K, 99% used [0x0000000780000000,0x0000000789001d18,0x0000000789080000)
 Metaspace       used 53465K, committed 54592K, reserved 1114112K
  class space    used 5794K, committed 6272K, reserved 1048576K
}
Event: 39.395 GC heap before
{Heap before GC invocations=161 (full 2):
 PSYoungGen      total 6656K, used 6231K [0x00000007d5580000, 0x00000007d5e80000, 0x0000000800000000)
  eden space 5120K, 100% used [0x00000007d5580000,0x00000007d5a80000,0x00000007d5a80000)
  from space 1536K, 72% used [0x00000007d5d00000,0x00000007d5e15e90,0x00000007d5e80000)
  to   space 1536K, 0% used [0x00000007d5b80000,0x00000007d5b80000,0x00000007d5d00000)
 ParOldGen       total 147968K, used 147463K [0x0000000780000000, 0x0000000789080000, 0x00000007d5580000)
  object space 147968K, 99% used [0x0000000780000000,0x0000000789001d18,0x0000000789080000)
 Metaspace       used 53465K, committed 54592K, reserved 1114112K
  class space    used 5794K, committed 6272K, reserved 1048576K
}
Event: 39.407 GC heap after
{Heap after GC invocations=161 (full 2):
 PSYoungGen      total 6144K, used 896K [0x00000007d5580000, 0x00000007d5d80000, 0x0000000800000000)
  eden space 5120K, 0% used [0x00000007d5580000,0x00000007d5580000,0x00000007d5a80000)
  from space 1024K, 87% used [0x00000007d5b80000,0x00000007d5c60000,0x00000007d5c80000)
  to   space 1024K, 0% used [0x00000007d5c80000,0x00000007d5c80000,0x00000007d5d80000)
 ParOldGen       total 148480K, used 148426K [0x0000000780000000, 0x0000000789100000, 0x00000007d5580000)
  object space 148480K, 99% used [0x0000000780000000,0x00000007890f2ba0,0x0000000789100000)
 Metaspace       used 53465K, committed 54592K, reserved 1114112K
  class space    used 5794K, committed 6272K, reserved 1048576K
}
Event: 39.447 GC heap before
{Heap before GC invocations=162 (full 2):
 PSYoungGen      total 6144K, used 6016K [0x00000007d5580000, 0x00000007d5d80000, 0x0000000800000000)
  eden space 5120K, 100% used [0x00000007d5580000,0x00000007d5a80000,0x00000007d5a80000)
  from space 1024K, 87% used [0x00000007d5b80000,0x00000007d5c60000,0x00000007d5c80000)
  to   space 1024K, 0% used [0x00000007d5c80000,0x00000007d5c80000,0x00000007d5d80000)
 ParOldGen       total 148480K, used 148426K [0x0000000780000000, 0x0000000789100000, 0x00000007d5580000)
  object space 148480K, 99% used [0x0000000780000000,0x00000007890f2ba0,0x0000000789100000)
 Metaspace       used 53465K, committed 54592K, reserved 1114112K
  class space    used 5794K, committed 6272K, reserved 1048576K
}
Event: 39.448 GC heap after
{Heap after GC invocations=162 (full 2):
 PSYoungGen      total 6144K, used 736K [0x00000007d5580000, 0x00000007d5d80000, 0x0000000800000000)
  eden space 5120K, 0% used [0x00000007d5580000,0x00000007d5580000,0x00000007d5a80000)
  from space 1024K, 71% used [0x00000007d5c80000,0x00000007d5d38010,0x00000007d5d80000)
  to   space 1024K, 0% used [0x00000007d5b80000,0x00000007d5b80000,0x00000007d5c80000)
 ParOldGen       total 149504K, used 149266K [0x0000000780000000, 0x0000000789200000, 0x00000007d5580000)
  object space 149504K, 99% used [0x0000000780000000,0x00000007891c4ba0,0x0000000789200000)
 Metaspace       used 53465K, committed 54592K, reserved 1114112K
  class space    used 5794K, committed 6272K, reserved 1048576K
}

